0 info it worked if it ends with ok
1 verbose cli [ 'node', '/usr/bin/npm', 'install' ]
2 info using npm@2.0.1
3 info using node@v0.10.28
4 verbose node symlink /usr/bin/node
5 verbose readDependencies using package.json deps
6 verbose install where, deps [ '/home/daniele/GitRepos/FENIX/fenix-ui-metadata-editor',
6 verbose install   [ 'jquery',
6 verbose install     'bootstrap',
6 verbose install     'requirejs',
6 verbose install     'domready',
6 verbose install     'text',
6 verbose install     'nprogress',
6 verbose install     'eonasdan-bootstrap-datetimepicker' ] ]
7 info preinstall fenix-ui-metadata-editor@0.1.0
8 verbose readDependencies using package.json deps
9 verbose cache add [ 'text@https://github.com/requirejs/text/tarball/master',
9 verbose cache add   null ]
10 verbose cache add spec="text@https://github.com/requirejs/text/tarball/master" args=["text@https://github.com/requirejs/text/tarball/master",null]
11 verbose parsed spec { raw: 'text@https://github.com/requirejs/text/tarball/master',
11 verbose parsed spec   scope: null,
11 verbose parsed spec   name: 'text',
11 verbose parsed spec   rawSpec: 'https://github.com/requirejs/text/tarball/master',
11 verbose parsed spec   spec: 'https://github.com/requirejs/text/tarball/master',
11 verbose parsed spec   type: 'remote' }
12 verbose already installed skipping nprogress@~0.1.6 /home/daniele/GitRepos/FENIX/fenix-ui-metadata-editor
13 verbose parsed spec { raw: 'text@https://github.com/requirejs/text/tarball/master',
13 verbose parsed spec   scope: null,
13 verbose parsed spec   name: 'text',
13 verbose parsed spec   rawSpec: 'https://github.com/requirejs/text/tarball/master',
13 verbose parsed spec   spec: 'https://github.com/requirejs/text/tarball/master',
13 verbose parsed spec   type: 'remote' }
14 verbose already installed skipping eonasdan-bootstrap-datetimepicker@~3.1.3 /home/daniele/GitRepos/FENIX/fenix-ui-metadata-editor
15 silly lockFile 34e87a3e-om-requirejs-text-tarball-master https://github.com/requirejs/text/tarball/master
16 verbose lock https://github.com/requirejs/text/tarball/master /home/daniele/.npm/34e87a3e-om-requirejs-text-tarball-master.lock
17 verbose addRemoteTarball [ 'https://github.com/requirejs/text/tarball/master', null ]
18 info retry fetch attempt 1 at 11:11:00
19 info attempt registry request try #1 at 11:11:00
20 http fetch GET https://github.com/requirejs/text/tarball/master
21 verbose request id e6a9f637bf5b887c
22 verbose already installed skipping requirejs@~2.1.14 /home/daniele/GitRepos/FENIX/fenix-ui-metadata-editor
23 verbose already installed skipping jquery@~2.1.0 /home/daniele/GitRepos/FENIX/fenix-ui-metadata-editor
24 verbose already installed skipping bootstrap@~3.2.0 /home/daniele/GitRepos/FENIX/fenix-ui-metadata-editor
25 verbose cache add [ 'domready@https://github.com/requirejs/domReady/tarball/master',
25 verbose cache add   null ]
26 verbose cache add spec="domready@https://github.com/requirejs/domReady/tarball/master" args=["domready@https://github.com/requirejs/domReady/tarball/master",null]
27 verbose parsed spec { raw: 'domready@https://github.com/requirejs/domReady/tarball/master',
27 verbose parsed spec   scope: null,
27 verbose parsed spec   name: 'domready',
27 verbose parsed spec   rawSpec: 'https://github.com/requirejs/domReady/tarball/master',
27 verbose parsed spec   spec: 'https://github.com/requirejs/domReady/tarball/master',
27 verbose parsed spec   type: 'remote' }
28 verbose parsed spec { raw: 'domready@https://github.com/requirejs/domReady/tarball/master',
28 verbose parsed spec   scope: null,
28 verbose parsed spec   name: 'domready',
28 verbose parsed spec   rawSpec: 'https://github.com/requirejs/domReady/tarball/master',
28 verbose parsed spec   spec: 'https://github.com/requirejs/domReady/tarball/master',
28 verbose parsed spec   type: 'remote' }
29 silly lockFile f23eba6c-equirejs-domReady-tarball-master https://github.com/requirejs/domReady/tarball/master
30 verbose lock https://github.com/requirejs/domReady/tarball/master /home/daniele/.npm/f23eba6c-equirejs-domReady-tarball-master.lock
31 verbose addRemoteTarball [ 'https://github.com/requirejs/domReady/tarball/master', null ]
32 info retry fetch attempt 1 at 11:11:00
33 info attempt registry request try #1 at 11:11:00
34 http fetch GET https://github.com/requirejs/domReady/tarball/master
35 http fetch 200 https://github.com/requirejs/domReady/tarball/master
36 silly fetchAndShaCheck shasum c716ebb3787cad7f238ad60eab11d2810e66d50b
37 verbose tar unpack /tmp/npm-6458-7i2hxcAE/github.com/requirejs/domReady/tarball/master
38 silly lockFile 6b70cadf-s-domReady-tarball-master-unpack tar:///tmp/npm-6458-7i2hxcAE/github.com/requirejs/domReady/tarball/master-unpack
39 verbose lock tar:///tmp/npm-6458-7i2hxcAE/github.com/requirejs/domReady/tarball/master-unpack /home/daniele/.npm/6b70cadf-s-domReady-tarball-master-unpack.lock
40 silly lockFile f89fdb7b-equirejs-domReady-tarball-master tar:///tmp/npm-6458-7i2hxcAE/github.com/requirejs/domReady/tarball/master
41 verbose lock tar:///tmp/npm-6458-7i2hxcAE/github.com/requirejs/domReady/tarball/master /home/daniele/.npm/f89fdb7b-equirejs-domReady-tarball-master.lock
42 verbose gentlyRm vacuuming /tmp/npm-6458-7i2hxcAE/github.com/requirejs/domReady/tarball/master-unpack
43 silly gunzTarPerm modes [ '775', '664' ]
44 silly gunzTarPerm extractEntry
45 silly gunzTarPerm extractEntry LICENSE
46 silly gunzTarPerm extractEntry README.md
47 silly gunzTarPerm extractEntry domReady.js
48 silly gunzTarPerm extractEntry package.json
49 silly lockFile 6b70cadf-s-domReady-tarball-master-unpack tar:///tmp/npm-6458-7i2hxcAE/github.com/requirejs/domReady/tarball/master-unpack
50 silly lockFile 6b70cadf-s-domReady-tarball-master-unpack tar:///tmp/npm-6458-7i2hxcAE/github.com/requirejs/domReady/tarball/master-unpack
51 silly lockFile f89fdb7b-equirejs-domReady-tarball-master tar:///tmp/npm-6458-7i2hxcAE/github.com/requirejs/domReady/tarball/master
52 silly lockFile f89fdb7b-equirejs-domReady-tarball-master tar:///tmp/npm-6458-7i2hxcAE/github.com/requirejs/domReady/tarball/master
53 silly lockFile f23eba6c-equirejs-domReady-tarball-master https://github.com/requirejs/domReady/tarball/master
54 silly lockFile f23eba6c-equirejs-domReady-tarball-master https://github.com/requirejs/domReady/tarball/master
55 http fetch 200 https://github.com/requirejs/text/tarball/master
56 silly fetchAndShaCheck shasum 859ba3f3ad6837c41babf37d0f7d58605bebd2c3
57 verbose tar unpack /tmp/npm-6458-7i2hxcAE/github.com/requirejs/text/tarball/master
58 silly lockFile 8fc4c75e-irejs-text-tarball-master-unpack tar:///tmp/npm-6458-7i2hxcAE/github.com/requirejs/text/tarball/master-unpack
59 verbose lock tar:///tmp/npm-6458-7i2hxcAE/github.com/requirejs/text/tarball/master-unpack /home/daniele/.npm/8fc4c75e-irejs-text-tarball-master-unpack.lock
60 silly lockFile fc5075b3-om-requirejs-text-tarball-master tar:///tmp/npm-6458-7i2hxcAE/github.com/requirejs/text/tarball/master
61 verbose lock tar:///tmp/npm-6458-7i2hxcAE/github.com/requirejs/text/tarball/master /home/daniele/.npm/fc5075b3-om-requirejs-text-tarball-master.lock
62 verbose gentlyRm vacuuming /tmp/npm-6458-7i2hxcAE/github.com/requirejs/text/tarball/master-unpack
63 silly gunzTarPerm modes [ '775', '664' ]
64 silly gunzTarPerm extractEntry
65 silly gunzTarPerm extractEntry LICENSE
66 silly gunzTarPerm extractEntry README.md
67 silly gunzTarPerm extractEntry package.json
68 silly gunzTarPerm extractEntry text.js
69 silly lockFile 8fc4c75e-irejs-text-tarball-master-unpack tar:///tmp/npm-6458-7i2hxcAE/github.com/requirejs/text/tarball/master-unpack
70 silly lockFile 8fc4c75e-irejs-text-tarball-master-unpack tar:///tmp/npm-6458-7i2hxcAE/github.com/requirejs/text/tarball/master-unpack
71 silly lockFile fc5075b3-om-requirejs-text-tarball-master tar:///tmp/npm-6458-7i2hxcAE/github.com/requirejs/text/tarball/master
72 silly lockFile fc5075b3-om-requirejs-text-tarball-master tar:///tmp/npm-6458-7i2hxcAE/github.com/requirejs/text/tarball/master
73 silly lockFile 34e87a3e-om-requirejs-text-tarball-master https://github.com/requirejs/text/tarball/master
74 silly lockFile 34e87a3e-om-requirejs-text-tarball-master https://github.com/requirejs/text/tarball/master
75 verbose stack Error: Invalid Package: expected domready but found domReady
75 verbose stack     at /usr/lib/node_modules/npm/lib/cache/add-local-tarball.js:162:14
75 verbose stack     at process._tickCallback (node.js:419:13)
76 verbose cwd /home/daniele/GitRepos/FENIX/fenix-ui-metadata-editor
77 error Linux 3.5.0-51-generic
78 error argv "node" "/usr/bin/npm" "install"
79 error node v0.10.28
80 error npm  v2.0.1
81 error Invalid Package: expected domready but found domReady
82 error If you need help, you may report this error at:
82 error     <http://github.com/npm/npm/issues>
83 verbose exit [ 1, true ]
